# JRE version: OpenJDK Runtime Environment (8.0_152-b02) (build 1.8.0_152-release-1024-b02)
# Java VM: OpenJDK 64-Bit Server VM (25.152-b02 mixed mode windows-amd64 compressed oops)
Heap:
 PSYoungGen      total 181248K, used 7397K [0x00000000eab00000, 0x00000000f7480000, 0x0000000100000000)
  eden space 158208K, 4% used [0x00000000eab00000,0x00000000eb2396b8,0x00000000f4580000)
  from space 23040K, 0% used [0x00000000f4580000,0x00000000f4580000,0x00000000f5c00000)
  to   space 19968K, 0% used [0x00000000f5c00000,0x00000000f5c00000,0x00000000f6f80000)
 ParOldGen       total 84480K, used 29944K [0x00000000c0000000, 0x00000000c5280000, 0x00000000eab00000)
  object space 84480K, 35% used [0x00000000c0000000,0x00000000c1d3e0f0,0x00000000c5280000)
 Metaspace       used 59393K, capacity 61232K, committed 61400K, reserved 1101824K
  class space    used 7973K, capacity 8376K, committed 8448K, reserved 1048576K
GC Heap History (10 events):
Event: 29.778 GC heap before
{Heap before GC invocations=10 (full 2):
 PSYoungGen      total 133632K, used 123904K [0x00000000eab00000, 0x00000000f4780000, 0x0000000100000000)
  eden space 123904K, 100% used [0x00000000eab00000,0x00000000f2400000,0x00000000f2400000)
  from space 9728K, 0% used [0x00000000f2400000,0x00000000f2400000,0x00000000f2d80000)
  to   space 12800K, 0% used [0x00000000f3b00000,0x00000000f3b00000,0x00000000f4780000)
 ParOldGen       total 65536K, used 18709K [0x00000000c0000000, 0x00000000c4000000, 0x00000000eab00000)
  object space 65536K, 28% used [0x00000000c0000000,0x00000000c12454b8,0x00000000c4000000)
 Metaspace       used 45000K, capacity 45898K, committed 46040K, reserved 1089536K
  class space    used 6072K, capacity 6367K, committed 6400K, reserved 1048576K
Event: 29.842 GC heap after
Heap after GC invocations=10 (full 2):
 PSYoungGen      total 144896K, used 12799K [0x00000000eab00000, 0x00000000f6900000, 0x0000000100000000)
  eden space 132096K, 0% used [0x00000000eab00000,0x00000000eab00000,0x00000000f2c00000)
  from space 12800K, 99% used [0x00000000f3b00000,0x00000000f477fe00,0x00000000f4780000)
  to   space 15360K, 0% used [0x00000000f2c00000,0x00000000f2c00000,0x00000000f3b00000)
 ParOldGen       total 65536K, used 19502K [0x00000000c0000000, 0x00000000c4000000, 0x00000000eab00000)
  object space 65536K, 29% used [0x00000000c0000000,0x00000000c130b928,0x00000000c4000000)
 Metaspace       used 45000K, capacity 45898K, committed 46040K, reserved 1089536K
  class space    used 6072K, capacity 6367K, committed 6400K, reserved 1048576K
}
Event: 40.556 GC heap before
{Heap before GC invocations=11 (full 2):
 PSYoungGen      total 144896K, used 144895K [0x00000000eab00000, 0x00000000f6900000, 0x0000000100000000)
  eden space 132096K, 100% used [0x00000000eab00000,0x00000000f2c00000,0x00000000f2c00000)
  from space 12800K, 99% used [0x00000000f3b00000,0x00000000f477fe00,0x00000000f4780000)
  to   space 15360K, 0% used [0x00000000f2c00000,0x00000000f2c00000,0x00000000f3b00000)
 ParOldGen       total 65536K, used 19502K [0x00000000c0000000, 0x00000000c4000000, 0x00000000eab00000)
  object space 65536K, 29% used [0x00000000c0000000,0x00000000c130b928,0x00000000c4000000)
 Metaspace       used 52302K, capacity 53900K, committed 54104K, reserved 1095680K
  class space    used 7105K, capacity 7480K, committed 7552K, reserved 1048576K
Event: 40.781 GC heap after
Heap after GC invocations=11 (full 2):
 PSYoungGen      total 147456K, used 15357K [0x00000000eab00000, 0x00000000f6f80000, 0x0000000100000000)
  eden space 132096K, 0% used [0x00000000eab00000,0x00000000eab00000,0x00000000f2c00000)
  from space 15360K, 99% used [0x00000000f2c00000,0x00000000f3aff510,0x00000000f3b00000)
  to   space 19968K, 0% used [0x00000000f5c00000,0x00000000f5c00000,0x00000000f6f80000)
 ParOldGen       total 65536K, used 24908K [0x00000000c0000000, 0x00000000c4000000, 0x00000000eab00000)
  object space 65536K, 38% used [0x00000000c0000000,0x00000000c1853218,0x00000000c4000000)
 Metaspace       used 52302K, capacity 53900K, committed 54104K, reserved 1095680K
  class space    used 7105K, capacity 7480K, committed 7552K, reserved 1048576K
}
Event: 53.813 GC heap before
{Heap before GC invocations=12 (full 2):
 PSYoungGen      total 147456K, used 147453K [0x00000000eab00000, 0x00000000f6f80000, 0x0000000100000000)
  eden space 132096K, 100% used [0x00000000eab00000,0x00000000f2c00000,0x00000000f2c00000)
  from space 15360K, 99% used [0x00000000f2c00000,0x00000000f3aff510,0x00000000f3b00000)
  to   space 19968K, 0% used [0x00000000f5c00000,0x00000000f5c00000,0x00000000f6f80000)
 ParOldGen       total 65536K, used 24908K [0x00000000c0000000, 0x00000000c4000000, 0x00000000eab00000)
  object space 65536K, 38% used [0x00000000c0000000,0x00000000c1853218,0x00000000c4000000)
 Metaspace       used 55754K, capacity 57564K, committed 57816K, reserved 1099776K
  class space    used 7506K, capacity 7920K, committed 7936K, reserved 1048576K
Event: 53.968 GC heap after
Heap after GC invocations=12 (full 2):
 PSYoungGen      total 178176K, used 19404K [0x00000000eab00000, 0x00000000f7480000, 0x0000000100000000)
  eden space 158208K, 0% used [0x00000000eab00000,0x00000000eab00000,0x00000000f4580000)
  from space 19968K, 97% used [0x00000000f5c00000,0x00000000f6ef3328,0x00000000f6f80000)
  to   space 23040K, 0% used [0x00000000f4580000,0x00000000f4580000,0x00000000f5c00000)
 ParOldGen       total 65536K, used 24916K [0x00000000c0000000, 0x00000000c4000000, 0x00000000eab00000)
  object space 65536K, 38% used [0x00000000c0000000,0x00000000c1855218,0x00000000c4000000)
 Metaspace       used 55754K, capacity 57564K, committed 57816K, reserved 1099776K
  class space    used 7506K, capacity 7920K, committed 7936K, reserved 1048576K
}
Event: 54.287 GC heap before
{Heap before GC invocations=13 (full 2):
 PSYoungGen      total 178176K, used 25383K [0x00000000eab00000, 0x00000000f7480000, 0x0000000100000000)
  eden space 158208K, 3% used [0x00000000eab00000,0x00000000eb0d6c30,0x00000000f4580000)
  from space 19968K, 97% used [0x00000000f5c00000,0x00000000f6ef3328,0x00000000f6f80000)
  to   space 23040K, 0% used [0x00000000f4580000,0x00000000f4580000,0x00000000f5c00000)
 ParOldGen       total 65536K, used 24916K [0x00000000c0000000, 0x00000000c4000000, 0x00000000eab00000)
  object space 65536K, 38% used [0x00000000c0000000,0x00000000c1855218,0x00000000c4000000)
 Metaspace       used 57117K, capacity 58928K, committed 59028K, reserved 1099776K
  class space    used 7705K, capacity 8120K, committed 8192K, reserved 1048576K
Event: 54.363 GC heap after
Heap after GC invocations=13 (full 2):
 PSYoungGen      total 181248K, used 17485K [0x00000000eab00000, 0x00000000f7480000, 0x0000000100000000)
  eden space 158208K, 0% used [0x00000000eab00000,0x00000000eab00000,0x00000000f4580000)
  from space 23040K, 75% used [0x00000000f4580000,0x00000000f5693520,0x00000000f5c00000)
  to   space 19968K, 0% used [0x00000000f5c00000,0x00000000f5c00000,0x00000000f6f80000)
 ParOldGen       total 65536K, used 24988K [0x00000000c0000000, 0x00000000c4000000, 0x00000000eab00000)
  object space 65536K, 38% used [0x00000000c0000000,0x00000000c1867228,0x00000000c4000000)
 Metaspace       used 57117K, capacity 58928K, committed 59028K, reserved 1099776K
  class space    used 7705K, capacity 8120K, committed 8192K, reserved 1048576K
}
Event: 54.363 GC heap before
{Heap before GC invocations=14 (full 3):
 PSYoungGen      total 181248K, used 17485K [0x00000000eab00000, 0x00000000f7480000, 0x0000000100000000)
  eden space 158208K, 0% used [0x00000000eab00000,0x00000000eab00000,0x00000000f4580000)
  from space 23040K, 75% used [0x00000000f4580000,0x00000000f5693520,0x00000000f5c00000)
  to   space 19968K, 0% used [0x00000000f5c00000,0x00000000f5c00000,0x00000000f6f80000)
 ParOldGen       total 65536K, used 24988K [0x00000000c0000000, 0x00000000c4000000, 0x00000000eab00000)
  object space 65536K, 38% used [0x00000000c0000000,0x00000000c1867228,0x00000000c4000000)
 Metaspace       used 57117K, capacity 58928K, committed 59028K, reserved 1099776K
  class space    used 7705K, capacity 8120K, committed 8192K, reserved 1048576K
Event: 54.996 GC heap after
Heap after GC invocations=14 (full 3):
 PSYoungGen      total 181248K, used 0K [0x00000000eab00000, 0x00000000f7480000, 0x0000000100000000)
  eden space 158208K, 0% used [0x00000000eab00000,0x00000000eab00000,0x00000000f4580000)
  from space 23040K, 0% used [0x00000000f4580000,0x00000000f4580000,0x00000000f5c00000)
  to   space 19968K, 0% used [0x00000000f5c00000,0x00000000f5c00000,0x00000000f6f80000)
 ParOldGen       total 84480K, used 29944K [0x00000000c0000000, 0x00000000c5280000, 0x00000000eab00000)
  object space 84480K, 35% used [0x00000000c0000000,0x00000000c1d3e0f0,0x00000000c5280000)
 Metaspace       used 57117K, capacity 58928K, committed 59028K, reserved 1099776K
  class space    used 7705K, capacity 8120K, committed 8192K, reserved 1048576K
}

